Determining if the pthread_create exist failed with the following output:
Change Dir: /home/mike/catkin_ws/build/CMakeFiles/CMakeTmp

Run Build Command:/usr/bin/make "cmTryCompileExec818625131/fast"
/usr/bin/make -f CMakeFiles/cmTryCompileExec818625131.dir/build.make CMakeFiles/cmTryCompileExec818625131.dir/build
make[1]: Entering directory `/home/mike/catkin_ws/build/CMakeFiles/CMakeTmp'
/usr/bin/cmake -E cmake_progress_report /home/mike/catkin_ws/build/CMakeFiles/CMakeTmp/CMakeFiles 1
Building C object CMakeFiles/cmTryCompileExec818625131.dir/CheckSymbolExists.c.o
/usr/bin/cc    -o CMakeFiles/cmTryCompileExec818625131.dir/CheckSymbolExists.c.o   -c /home/mike/catkin_ws/build/CMakeFiles/CMakeTmp/CheckSymbolExists.c
Linking C executable cmTryCompileExec818625131
/usr/bin/cmake -E cmake_link_script CMakeFiles/cmTryCompileExec818625131.dir/link.txt --verbose=1
/usr/bin/cc       CMakeFiles/cmTryCompileExec818625131.dir/CheckSymbolExists.c.o  -o cmTryCompileExec818625131 -rdynamic 
CMakeFiles/cmTryCompileExec818625131.dir/CheckSymbolExists.c.o: In function `main':
CheckSymbolExists.c:(.text+0x16): undefined reference to `pthread_create'
collect2: error: ld returned 1 exit status
make[1]: *** [cmTryCompileExec818625131] Error 1
make[1]: Leaving directory `/home/mike/catkin_ws/build/CMakeFiles/CMakeTmp'
make: *** [cmTryCompileExec818625131/fast] Error 2

File /home/mike/catkin_ws/build/CMakeFiles/CMakeTmp/CheckSymbolExists.c:
/* */
#include <pthread.h>

int main(int argc, char** argv)
{
  (void)argv;
#ifndef pthread_create
  return ((int*)(&pthread_create))[argc];
#else
  (void)argc;
  return 0;
#endif
}

Determining if the function pthread_create exists in the pthreads failed with the following output:
Change Dir: /home/mike/catkin_ws/build/CMakeFiles/CMakeTmp

Run Build Command:/usr/bin/make "cmTryCompileExec2213691381/fast"
/usr/bin/make -f CMakeFiles/cmTryCompileExec2213691381.dir/build.make CMakeFiles/cmTryCompileExec2213691381.dir/build
make[1]: Entering directory `/home/mike/catkin_ws/build/CMakeFiles/CMakeTmp'
/usr/bin/cmake -E cmake_progress_report /home/mike/catkin_ws/build/CMakeFiles/CMakeTmp/CMakeFiles 1
Building C object CMakeFiles/cmTryCompileExec2213691381.dir/CheckFunctionExists.c.o
/usr/bin/cc   -DCHECK_FUNCTION_EXISTS=pthread_create   -o CMakeFiles/cmTryCompileExec2213691381.dir/CheckFunctionExists.c.o   -c /usr/share/cmake-2.8/Modules/CheckFunctionExists.c
Linking C executable cmTryCompileExec2213691381
/usr/bin/cmake -E cmake_link_script CMakeFiles/cmTryCompileExec2213691381.dir/link.txt --verbose=1
/usr/bin/cc   -DCHECK_FUNCTION_EXISTS=pthread_create    CMakeFiles/cmTryCompileExec2213691381.dir/CheckFunctionExists.c.o  -o cmTryCompileExec2213691381 -rdynamic -lpthreads 
/usr/bin/ld: cannot find -lpthreads
collect2: error: ld returned 1 exit status
make[1]: *** [cmTryCompileExec2213691381] Error 1
make[1]: Leaving directory `/home/mike/catkin_ws/build/CMakeFiles/CMakeTmp'
make: *** [cmTryCompileExec2213691381/fast] Error 2


Determining if the Q_WS_WIN exist failed with the following output:
Change Dir: /home/mike/catkin_ws/build/CMakeFiles/CMakeTmp

Run Build Command:/usr/bin/make "cmTryCompileExec2625457521/fast"
/usr/bin/make -f CMakeFiles/cmTryCompileExec2625457521.dir/build.make CMakeFiles/cmTryCompileExec2625457521.dir/build
make[1]: Entering directory `/home/mike/catkin_ws/build/CMakeFiles/CMakeTmp'
/usr/bin/cmake -E cmake_progress_report /home/mike/catkin_ws/build/CMakeFiles/CMakeTmp/CMakeFiles 1
Building CXX object CMakeFiles/cmTryCompileExec2625457521.dir/CheckSymbolExists.cxx.o
/usr/bin/c++    -I/usr/include/qt4    -o CMakeFiles/cmTryCompileExec2625457521.dir/CheckSymbolExists.cxx.o -c /home/mike/catkin_ws/build/CMakeFiles/CMakeTmp/CheckSymbolExists.cxx
/home/mike/catkin_ws/build/CMakeFiles/CMakeTmp/CheckSymbolExists.cxx: In function ‘int main(int, char**)’:
/home/mike/catkin_ws/build/CMakeFiles/CMakeTmp/CheckSymbolExists.cxx:8:19: error: ‘Q_WS_WIN’ was not declared in this scope
   return ((int*)(&Q_WS_WIN))[argc];
                   ^
make[1]: Leaving directory `/home/mike/catkin_ws/build/CMakeFiles/CMakeTmp'
make[1]: *** [CMakeFiles/cmTryCompileExec2625457521.dir/CheckSymbolExists.cxx.o] Error 1
make: *** [cmTryCompileExec2625457521/fast] Error 2

File /home/mike/catkin_ws/build/CMakeFiles/CMakeTmp/CheckSymbolExists.cxx:
/* */
#include <QtCore/qglobal.h>

int main(int argc, char** argv)
{
  (void)argv;
#ifndef Q_WS_WIN
  return ((int*)(&Q_WS_WIN))[argc];
#else
  (void)argc;
  return 0;
#endif
}

Determining if the Q_WS_QWS exist failed with the following output:
Change Dir: /home/mike/catkin_ws/build/CMakeFiles/CMakeTmp

Run Build Command:/usr/bin/make "cmTryCompileExec1805245139/fast"
/usr/bin/make -f CMakeFiles/cmTryCompileExec1805245139.dir/build.make CMakeFiles/cmTryCompileExec1805245139.dir/build
make[1]: Entering directory `/home/mike/catkin_ws/build/CMakeFiles/CMakeTmp'
/usr/bin/cmake -E cmake_progress_report /home/mike/catkin_ws/build/CMakeFiles/CMakeTmp/CMakeFiles 1
Building CXX object CMakeFiles/cmTryCompileExec1805245139.dir/CheckSymbolExists.cxx.o
/usr/bin/c++    -I/usr/include/qt4    -o CMakeFiles/cmTryCompileExec1805245139.dir/CheckSymbolExists.cxx.o -c /home/mike/catkin_ws/build/CMakeFiles/CMakeTmp/CheckSymbolExists.cxx
/home/mike/catkin_ws/build/CMakeFiles/CMakeTmp/CheckSymbolExists.cxx: In function ‘int main(int, char**)’:
/home/mike/catkin_ws/build/CMakeFiles/CMakeTmp/CheckSymbolExists.cxx:8:19: error: ‘Q_WS_QWS’ was not declared in this scope
   return ((int*)(&Q_WS_QWS))[argc];
                   ^
make[1]: *** [CMakeFiles/cmTryCompileExec1805245139.dir/CheckSymbolExists.cxx.o] Error 1
make[1]: Leaving directory `/home/mike/catkin_ws/build/CMakeFiles/CMakeTmp'
make: *** [cmTryCompileExec1805245139/fast] Error 2

File /home/mike/catkin_ws/build/CMakeFiles/CMakeTmp/CheckSymbolExists.cxx:
/* */
#include <QtCore/qglobal.h>

int main(int argc, char** argv)
{
  (void)argv;
#ifndef Q_WS_QWS
  return ((int*)(&Q_WS_QWS))[argc];
#else
  (void)argc;
  return 0;
#endif
}

Determining if the Q_WS_MAC exist failed with the following output:
Change Dir: /home/mike/catkin_ws/build/CMakeFiles/CMakeTmp

Run Build Command:/usr/bin/make "cmTryCompileExec1059713644/fast"
/usr/bin/make -f CMakeFiles/cmTryCompileExec1059713644.dir/build.make CMakeFiles/cmTryCompileExec1059713644.dir/build
make[1]: Entering directory `/home/mike/catkin_ws/build/CMakeFiles/CMakeTmp'
/usr/bin/cmake -E cmake_progress_report /home/mike/catkin_ws/build/CMakeFiles/CMakeTmp/CMakeFiles 1
Building CXX object CMakeFiles/cmTryCompileExec1059713644.dir/CheckSymbolExists.cxx.o
/usr/bin/c++    -I/usr/include/qt4    -o CMakeFiles/cmTryCompileExec1059713644.dir/CheckSymbolExists.cxx.o -c /home/mike/catkin_ws/build/CMakeFiles/CMakeTmp/CheckSymbolExists.cxx
/home/mike/catkin_ws/build/CMakeFiles/CMakeTmp/CheckSymbolExists.cxx: In function ‘int main(int, char**)’:
/home/mike/catkin_ws/build/CMakeFiles/CMakeTmp/CheckSymbolExists.cxx:8:19: error: ‘Q_WS_MAC’ was not declared in this scope
   return ((int*)(&Q_WS_MAC))[argc];
                   ^
make[1]: Leaving directory `/home/mike/catkin_ws/build/CMakeFiles/CMakeTmp'
make[1]: *** [CMakeFiles/cmTryCompileExec1059713644.dir/CheckSymbolExists.cxx.o] Error 1
make: *** [cmTryCompileExec1059713644/fast] Error 2

File /home/mike/catkin_ws/build/CMakeFiles/CMakeTmp/CheckSymbolExists.cxx:
/* */
#include <QtCore/qglobal.h>

int main(int argc, char** argv)
{
  (void)argv;
#ifndef Q_WS_MAC
  return ((int*)(&Q_WS_MAC))[argc];
#else
  (void)argc;
  return 0;
#endif
}

