Determining if the pthread_create exist failed with the following output:
Change Dir: /home/mike/catkin_ws/build2/CMakeFiles/CMakeTmp

Run Build Command:/usr/bin/make "cmTryCompileExec182261777/fast"
/usr/bin/make -f CMakeFiles/cmTryCompileExec182261777.dir/build.make CMakeFiles/cmTryCompileExec182261777.dir/build
make[1]: Entering directory `/home/mike/catkin_ws/build2/CMakeFiles/CMakeTmp'
/usr/bin/cmake -E cmake_progress_report /home/mike/catkin_ws/build2/CMakeFiles/CMakeTmp/CMakeFiles 1
Building C object CMakeFiles/cmTryCompileExec182261777.dir/CheckSymbolExists.c.o
/usr/bin/cc    -o CMakeFiles/cmTryCompileExec182261777.dir/CheckSymbolExists.c.o   -c /home/mike/catkin_ws/build2/CMakeFiles/CMakeTmp/CheckSymbolExists.c
Linking C executable cmTryCompileExec182261777
/usr/bin/cmake -E cmake_link_script CMakeFiles/cmTryCompileExec182261777.dir/link.txt --verbose=1
/usr/bin/cc       CMakeFiles/cmTryCompileExec182261777.dir/CheckSymbolExists.c.o  -o cmTryCompileExec182261777 -rdynamic 
CMakeFiles/cmTryCompileExec182261777.dir/CheckSymbolExists.c.o: In function `main':
CheckSymbolExists.c:(.text+0x16): undefined reference to `pthread_create'
collect2: error: ld returned 1 exit status
make[1]: *** [cmTryCompileExec182261777] Error 1
make[1]: Leaving directory `/home/mike/catkin_ws/build2/CMakeFiles/CMakeTmp'
make: *** [cmTryCompileExec182261777/fast] Error 2

File /home/mike/catkin_ws/build2/CMakeFiles/CMakeTmp/CheckSymbolExists.c:
/* */
#include <pthread.h>

int main(int argc, char** argv)
{
  (void)argv;
#ifndef pthread_create
  return ((int*)(&pthread_create))[argc];
#else
  (void)argc;
  return 0;
#endif
}

Determining if the function pthread_create exists in the pthreads failed with the following output:
Change Dir: /home/mike/catkin_ws/build2/CMakeFiles/CMakeTmp

Run Build Command:/usr/bin/make "cmTryCompileExec3900296238/fast"
/usr/bin/make -f CMakeFiles/cmTryCompileExec3900296238.dir/build.make CMakeFiles/cmTryCompileExec3900296238.dir/build
make[1]: Entering directory `/home/mike/catkin_ws/build2/CMakeFiles/CMakeTmp'
/usr/bin/cmake -E cmake_progress_report /home/mike/catkin_ws/build2/CMakeFiles/CMakeTmp/CMakeFiles 1
Building C object CMakeFiles/cmTryCompileExec3900296238.dir/CheckFunctionExists.c.o
/usr/bin/cc   -DCHECK_FUNCTION_EXISTS=pthread_create   -o CMakeFiles/cmTryCompileExec3900296238.dir/CheckFunctionExists.c.o   -c /usr/share/cmake-2.8/Modules/CheckFunctionExists.c
Linking C executable cmTryCompileExec3900296238
/usr/bin/cmake -E cmake_link_script CMakeFiles/cmTryCompileExec3900296238.dir/link.txt --verbose=1
/usr/bin/cc   -DCHECK_FUNCTION_EXISTS=pthread_create    CMakeFiles/cmTryCompileExec3900296238.dir/CheckFunctionExists.c.o  -o cmTryCompileExec3900296238 -rdynamic -lpthreads 
/usr/bin/ld: cannot find -lpthreads
collect2: error: ld returned 1 exit status
make[1]: Leaving directory `/home/mike/catkin_ws/build2/CMakeFiles/CMakeTmp'
make[1]: *** [cmTryCompileExec3900296238] Error 1
make: *** [cmTryCompileExec3900296238/fast] Error 2


Determining if the Q_WS_WIN exist failed with the following output:
Change Dir: /home/mike/catkin_ws/build2/CMakeFiles/CMakeTmp

Run Build Command:/usr/bin/make "cmTryCompileExec4177876314/fast"
/usr/bin/make -f CMakeFiles/cmTryCompileExec4177876314.dir/build.make CMakeFiles/cmTryCompileExec4177876314.dir/build
make[1]: Entering directory `/home/mike/catkin_ws/build2/CMakeFiles/CMakeTmp'
/usr/bin/cmake -E cmake_progress_report /home/mike/catkin_ws/build2/CMakeFiles/CMakeTmp/CMakeFiles 1
Building CXX object CMakeFiles/cmTryCompileExec4177876314.dir/CheckSymbolExists.cxx.o
/usr/bin/c++    -Wno-deprecated  -I/usr/include/qt4    -o CMakeFiles/cmTryCompileExec4177876314.dir/CheckSymbolExists.cxx.o -c /home/mike/catkin_ws/build2/CMakeFiles/CMakeTmp/CheckSymbolExists.cxx
/home/mike/catkin_ws/build2/CMakeFiles/CMakeTmp/CheckSymbolExists.cxx: In function ‘int main(int, char**)’:
/home/mike/catkin_ws/build2/CMakeFiles/CMakeTmp/CheckSymbolExists.cxx:8:19: error: ‘Q_WS_WIN’ was not declared in this scope
   return ((int*)(&Q_WS_WIN))[argc];
                   ^
make[1]: *** [CMakeFiles/cmTryCompileExec4177876314.dir/CheckSymbolExists.cxx.o] Error 1
make[1]: Leaving directory `/home/mike/catkin_ws/build2/CMakeFiles/CMakeTmp'
make: *** [cmTryCompileExec4177876314/fast] Error 2

File /home/mike/catkin_ws/build2/CMakeFiles/CMakeTmp/CheckSymbolExists.cxx:
/* */
#include <QtCore/qglobal.h>

int main(int argc, char** argv)
{
  (void)argv;
#ifndef Q_WS_WIN
  return ((int*)(&Q_WS_WIN))[argc];
#else
  (void)argc;
  return 0;
#endif
}

Determining if the Q_WS_QWS exist failed with the following output:
Change Dir: /home/mike/catkin_ws/build2/CMakeFiles/CMakeTmp

Run Build Command:/usr/bin/make "cmTryCompileExec2439786840/fast"
/usr/bin/make -f CMakeFiles/cmTryCompileExec2439786840.dir/build.make CMakeFiles/cmTryCompileExec2439786840.dir/build
make[1]: Entering directory `/home/mike/catkin_ws/build2/CMakeFiles/CMakeTmp'
/usr/bin/cmake -E cmake_progress_report /home/mike/catkin_ws/build2/CMakeFiles/CMakeTmp/CMakeFiles 1
Building CXX object CMakeFiles/cmTryCompileExec2439786840.dir/CheckSymbolExists.cxx.o
/usr/bin/c++    -Wno-deprecated  -I/usr/include/qt4    -o CMakeFiles/cmTryCompileExec2439786840.dir/CheckSymbolExists.cxx.o -c /home/mike/catkin_ws/build2/CMakeFiles/CMakeTmp/CheckSymbolExists.cxx
/home/mike/catkin_ws/build2/CMakeFiles/CMakeTmp/CheckSymbolExists.cxx: In function ‘int main(int, char**)’:
/home/mike/catkin_ws/build2/CMakeFiles/CMakeTmp/CheckSymbolExists.cxx:8:19: error: ‘Q_WS_QWS’ was not declared in this scope
   return ((int*)(&Q_WS_QWS))[argc];
                   ^
make[1]: *** [CMakeFiles/cmTryCompileExec2439786840.dir/CheckSymbolExists.cxx.o] Error 1
make[1]: Leaving directory `/home/mike/catkin_ws/build2/CMakeFiles/CMakeTmp'
make: *** [cmTryCompileExec2439786840/fast] Error 2

File /home/mike/catkin_ws/build2/CMakeFiles/CMakeTmp/CheckSymbolExists.cxx:
/* */
#include <QtCore/qglobal.h>

int main(int argc, char** argv)
{
  (void)argv;
#ifndef Q_WS_QWS
  return ((int*)(&Q_WS_QWS))[argc];
#else
  (void)argc;
  return 0;
#endif
}

Determining if the Q_WS_MAC exist failed with the following output:
Change Dir: /home/mike/catkin_ws/build2/CMakeFiles/CMakeTmp

Run Build Command:/usr/bin/make "cmTryCompileExec3085380212/fast"
/usr/bin/make -f CMakeFiles/cmTryCompileExec3085380212.dir/build.make CMakeFiles/cmTryCompileExec3085380212.dir/build
make[1]: Entering directory `/home/mike/catkin_ws/build2/CMakeFiles/CMakeTmp'
/usr/bin/cmake -E cmake_progress_report /home/mike/catkin_ws/build2/CMakeFiles/CMakeTmp/CMakeFiles 1
Building CXX object CMakeFiles/cmTryCompileExec3085380212.dir/CheckSymbolExists.cxx.o
/usr/bin/c++    -Wno-deprecated  -I/usr/include/qt4    -o CMakeFiles/cmTryCompileExec3085380212.dir/CheckSymbolExists.cxx.o -c /home/mike/catkin_ws/build2/CMakeFiles/CMakeTmp/CheckSymbolExists.cxx
/home/mike/catkin_ws/build2/CMakeFiles/CMakeTmp/CheckSymbolExists.cxx: In function ‘int main(int, char**)’:
/home/mike/catkin_ws/build2/CMakeFiles/CMakeTmp/CheckSymbolExists.cxx:8:19: error: ‘Q_WS_MAC’ was not declared in this scope
   return ((int*)(&Q_WS_MAC))[argc];
                   ^
make[1]: *** [CMakeFiles/cmTryCompileExec3085380212.dir/CheckSymbolExists.cxx.o] Error 1
make[1]: Leaving directory `/home/mike/catkin_ws/build2/CMakeFiles/CMakeTmp'
make: *** [cmTryCompileExec3085380212/fast] Error 2

File /home/mike/catkin_ws/build2/CMakeFiles/CMakeTmp/CheckSymbolExists.cxx:
/* */
#include <QtCore/qglobal.h>

int main(int argc, char** argv)
{
  (void)argv;
#ifndef Q_WS_MAC
  return ((int*)(&Q_WS_MAC))[argc];
#else
  (void)argc;
  return 0;
#endif
}

